<?xml version="1.0" encoding="UTF-8"?>
<testsuite name="SumCalculatorTest" tests="1" skipped="0" failures="0" errors="0" timestamp="2022-10-14T11:28:25" hostname="MacBook-Pro-admin.local" time="0.017">
  <properties/>
  <testcase name="testThatSumCalculatorMethodWorksOkForZero()" classname="SumCalculatorTest" time="0.017"/>
  <system-out><![CDATA[]]></system-out>
  <system-err><![CDATA[]]></system-err>
</testsuite>
