<?xml version="1.0" encoding="UTF-8"?>
<testsuite name="org.example.CalculatorTest" tests="5" skipped="0" failures="0" errors="0" timestamp="2023-09-26T13:19:30" hostname="Marks-MacBook-Pro.local" time="0.026">
  <properties/>
  <testcase name="testThatSubtractionWorksCorrect()" classname="org.example.CalculatorTest" time="0.016"/>
  <testcase name="testThatAdditionWorksCorrect()" classname="org.example.CalculatorTest" time="0.0"/>
  <testcase name="testThatMultiplicationWorksCorrect()" classname="org.example.CalculatorTest" time="0.002"/>
  <testcase name="testThatDivisionOnZeroWorksCorrect()" classname="org.example.CalculatorTest" time="0.002"/>
  <testcase name="testThatDivisionWorksCorrect()" classname="org.example.CalculatorTest" time="0.0"/>
  <system-out><![CDATA[]]></system-out>
  <system-err><![CDATA[]]></system-err>
</testsuite>
